<?xml version="1.0" encoding="UTF-8"?>
<!-- Generated by org.testng.reporters.JUnitXMLReporter -->
<testsuite ignored="0" hostname="LAPTOP-MCJLI0KK" failures="0" tests="7" name="Default test" time="63.375" errors="0" timestamp="2022-09-21T22:03:55 EDT">
  <testcase classname="testNG.AlertsChecking" name="LaunchAlertsPage" time="26.728"/>
  <testcase classname="testNG.AlertsChecking" name="SimpleAlert" time="8.15"/>
  <testcase classname="testNG.AlertsChecking" name="ConfirmAlertBoxOk" time="1.154"/>
  <testcase classname="testNG.AlertsChecking" name="ConfirmAlertBoxCancel" time="0.777"/>
  <testcase classname="testNG.AlertsChecking" name="PromptAlertBoxOkYes" time="1.337"/>
  <testcase classname="testNG.AlertsChecking" name="PromptAlertBoxNo" time="0.942"/>
  <testcase classname="testNG.AlertsChecking" name="PromptAlertBoxCancel" time="0.718"/>
</testsuite> <!-- Default test -->
