<?xml version="1.0" encoding="UTF-8"?>
<testng-results ignored="0" total="7" passed="7" failed="0" skipped="0">
  <reporter-output>
  </reporter-output>
  <suite started-at="2022-09-21T22:02:51 EDT" name="Default suite" finished-at="2022-09-21T22:03:55 EDT" duration-ms="63375">
    <groups>
    </groups>
    <test started-at="2022-09-21T22:02:51 EDT" name="Default test" finished-at="2022-09-21T22:03:55 EDT" duration-ms="63375">
      <class name="testNG.AlertsChecking">
        <test-method is-config="true" signature="beforeSuite()[pri:0, instance:testNG.AlertsChecking@7ea9e1e2]" started-at="2022-09-21T22:02:51 EDT" name="beforeSuite" finished-at="2022-09-21T22:02:51 EDT" duration-ms="104" status="PASS">
          <reporter-output>
          </reporter-output>
        </test-method> <!-- beforeSuite -->
        <test-method is-config="true" signature="beforeTest()[pri:0, instance:testNG.AlertsChecking@7ea9e1e2]" started-at="2022-09-21T22:02:51 EDT" name="beforeTest" finished-at="2022-09-21T22:03:14 EDT" duration-ms="22815" status="PASS">
          <reporter-output>
          </reporter-output>
        </test-method> <!-- beforeTest -->
        <test-method is-config="true" signature="beforeClass()[pri:0, instance:testNG.AlertsChecking@7ea9e1e2]" started-at="2022-09-21T22:03:14 EDT" name="beforeClass" finished-at="2022-09-21T22:03:14 EDT" duration-ms="1" status="PASS">
          <reporter-output>
          </reporter-output>
        </test-method> <!-- beforeClass -->
        <test-method is-config="true" signature="beforeMethod()[pri:0, instance:testNG.AlertsChecking@7ea9e1e2]" started-at="2022-09-21T22:03:15 EDT" name="beforeMethod" finished-at="2022-09-21T22:03:15 EDT" duration-ms="3" status="PASS">
          <reporter-output>
          </reporter-output>
        </test-method> <!-- beforeMethod -->
        <test-method signature="LaunchAlertsPage()[pri:-2, instance:testNG.AlertsChecking@7ea9e1e2]" started-at="2022-09-21T22:03:15 EDT" name="LaunchAlertsPage" finished-at="2022-09-21T22:03:41 EDT" duration-ms="26728" status="PASS">
          <reporter-output>
          </reporter-output>
        </test-method> <!-- LaunchAlertsPage -->
        <test-method is-config="true" signature="afterMethod()[pri:0, instance:testNG.AlertsChecking@7ea9e1e2]" started-at="2022-09-21T22:03:41 EDT" name="afterMethod" finished-at="2022-09-21T22:03:41 EDT" duration-ms="3" status="PASS">
          <reporter-output>
          </reporter-output>
        </test-method> <!-- afterMethod -->
        <test-method is-config="true" signature="beforeMethod()[pri:0, instance:testNG.AlertsChecking@7ea9e1e2]" started-at="2022-09-21T22:03:41 EDT" name="beforeMethod" finished-at="2022-09-21T22:03:41 EDT" duration-ms="3" status="PASS">
          <reporter-output>
          </reporter-output>
        </test-method> <!-- beforeMethod -->
        <test-method signature="SimpleAlert()[pri:-1, instance:testNG.AlertsChecking@7ea9e1e2]" started-at="2022-09-21T22:03:41 EDT" name="SimpleAlert" finished-at="2022-09-21T22:03:50 EDT" duration-ms="8150" status="PASS">
          <reporter-output>
          </reporter-output>
        </test-method> <!-- SimpleAlert -->
        <test-method is-config="true" signature="afterMethod()[pri:0, instance:testNG.AlertsChecking@7ea9e1e2]" started-at="2022-09-21T22:03:50 EDT" name="afterMethod" finished-at="2022-09-21T22:03:50 EDT" duration-ms="1" status="PASS">
          <reporter-output>
          </reporter-output>
        </test-method> <!-- afterMethod -->
        <test-method is-config="true" signature="beforeMethod()[pri:0, instance:testNG.AlertsChecking@7ea9e1e2]" started-at="2022-09-21T22:03:50 EDT" name="beforeMethod" finished-at="2022-09-21T22:03:50 EDT" duration-ms="17" status="PASS">
          <reporter-output>
          </reporter-output>
        </test-method> <!-- beforeMethod -->
        <test-method signature="ConfirmAlertBoxOk()[pri:0, instance:testNG.AlertsChecking@7ea9e1e2]" started-at="2022-09-21T22:03:50 EDT" name="ConfirmAlertBoxOk" finished-at="2022-09-21T22:03:51 EDT" duration-ms="1154" status="PASS">
          <reporter-output>
          </reporter-output>
        </test-method> <!-- ConfirmAlertBoxOk -->
        <test-method is-config="true" signature="afterMethod()[pri:0, instance:testNG.AlertsChecking@7ea9e1e2]" started-at="2022-09-21T22:03:51 EDT" name="afterMethod" finished-at="2022-09-21T22:03:51 EDT" duration-ms="2" status="PASS">
          <reporter-output>
          </reporter-output>
        </test-method> <!-- afterMethod -->
        <test-method is-config="true" signature="beforeMethod()[pri:0, instance:testNG.AlertsChecking@7ea9e1e2]" started-at="2022-09-21T22:03:51 EDT" name="beforeMethod" finished-at="2022-09-21T22:03:51 EDT" duration-ms="3" status="PASS">
          <reporter-output>
          </reporter-output>
        </test-method> <!-- beforeMethod -->
        <test-method signature="ConfirmAlertBoxCancel()[pri:1, instance:testNG.AlertsChecking@7ea9e1e2]" started-at="2022-09-21T22:03:51 EDT" name="ConfirmAlertBoxCancel" finished-at="2022-09-21T22:03:52 EDT" duration-ms="777" status="PASS">
          <reporter-output>
          </reporter-output>
        </test-method> <!-- ConfirmAlertBoxCancel -->
        <test-method is-config="true" signature="afterMethod()[pri:0, instance:testNG.AlertsChecking@7ea9e1e2]" started-at="2022-09-21T22:03:52 EDT" name="afterMethod" finished-at="2022-09-21T22:03:52 EDT" duration-ms="0" status="PASS">
          <reporter-output>
          </reporter-output>
        </test-method> <!-- afterMethod -->
        <test-method is-config="true" signature="beforeMethod()[pri:0, instance:testNG.AlertsChecking@7ea9e1e2]" started-at="2022-09-21T22:03:52 EDT" name="beforeMethod" finished-at="2022-09-21T22:03:52 EDT" duration-ms="1" status="PASS">
          <reporter-output>
          </reporter-output>
        </test-method> <!-- beforeMethod -->
        <test-method signature="PromptAlertBoxOkYes()[pri:2, instance:testNG.AlertsChecking@7ea9e1e2]" started-at="2022-09-21T22:03:52 EDT" name="PromptAlertBoxOkYes" finished-at="2022-09-21T22:03:53 EDT" duration-ms="1337" status="PASS">
          <reporter-output>
          </reporter-output>
        </test-method> <!-- PromptAlertBoxOkYes -->
        <test-method is-config="true" signature="afterMethod()[pri:0, instance:testNG.AlertsChecking@7ea9e1e2]" started-at="2022-09-21T22:03:53 EDT" name="afterMethod" finished-at="2022-09-21T22:03:53 EDT" duration-ms="1" status="PASS">
          <reporter-output>
          </reporter-output>
        </test-method> <!-- afterMethod -->
        <test-method is-config="true" signature="beforeMethod()[pri:0, instance:testNG.AlertsChecking@7ea9e1e2]" started-at="2022-09-21T22:03:53 EDT" name="beforeMethod" finished-at="2022-09-21T22:03:53 EDT" duration-ms="1" status="PASS">
          <reporter-output>
          </reporter-output>
        </test-method> <!-- beforeMethod -->
        <test-method signature="PromptAlertBoxNo()[pri:3, instance:testNG.AlertsChecking@7ea9e1e2]" started-at="2022-09-21T22:03:53 EDT" name="PromptAlertBoxNo" finished-at="2022-09-21T22:03:54 EDT" duration-ms="942" status="PASS">
          <reporter-output>
          </reporter-output>
        </test-method> <!-- PromptAlertBoxNo -->
        <test-method is-config="true" signature="afterMethod()[pri:0, instance:testNG.AlertsChecking@7ea9e1e2]" started-at="2022-09-21T22:03:54 EDT" name="afterMethod" finished-at="2022-09-21T22:03:54 EDT" duration-ms="3" status="PASS">
          <reporter-output>
          </reporter-output>
        </test-method> <!-- afterMethod -->
        <test-method is-config="true" signature="beforeMethod()[pri:0, instance:testNG.AlertsChecking@7ea9e1e2]" started-at="2022-09-21T22:03:54 EDT" name="beforeMethod" finished-at="2022-09-21T22:03:54 EDT" duration-ms="4" status="PASS">
          <reporter-output>
          </reporter-output>
        </test-method> <!-- beforeMethod -->
        <test-method signature="PromptAlertBoxCancel()[pri:4, instance:testNG.AlertsChecking@7ea9e1e2]" started-at="2022-09-21T22:03:54 EDT" name="PromptAlertBoxCancel" finished-at="2022-09-21T22:03:55 EDT" duration-ms="718" status="PASS">
          <reporter-output>
          </reporter-output>
        </test-method> <!-- PromptAlertBoxCancel -->
        <test-method is-config="true" signature="afterMethod()[pri:0, instance:testNG.AlertsChecking@7ea9e1e2]" started-at="2022-09-21T22:03:55 EDT" name="afterMethod" finished-at="2022-09-21T22:03:55 EDT" duration-ms="5" status="PASS">
          <reporter-output>
          </reporter-output>
        </test-method> <!-- afterMethod -->
        <test-method is-config="true" signature="afterClass()[pri:0, instance:testNG.AlertsChecking@7ea9e1e2]" started-at="2022-09-21T22:03:55 EDT" name="afterClass" finished-at="2022-09-21T22:03:55 EDT" duration-ms="10" status="PASS">
          <reporter-output>
          </reporter-output>
        </test-method> <!-- afterClass -->
        <test-method is-config="true" signature="afterTest()[pri:0, instance:testNG.AlertsChecking@7ea9e1e2]" started-at="2022-09-21T22:03:55 EDT" name="afterTest" finished-at="2022-09-21T22:03:55 EDT" duration-ms="3" status="PASS">
          <reporter-output>
          </reporter-output>
        </test-method> <!-- afterTest -->
        <test-method is-config="true" signature="afterSuite()[pri:0, instance:testNG.AlertsChecking@7ea9e1e2]" started-at="2022-09-21T22:03:55 EDT" name="afterSuite" finished-at="2022-09-21T22:03:55 EDT" duration-ms="2" status="PASS">
          <reporter-output>
          </reporter-output>
        </test-method> <!-- afterSuite -->
      </class> <!-- testNG.AlertsChecking -->
    </test> <!-- Default test -->
  </suite> <!-- Default suite -->
</testng-results>
